SF:lib/domain/entities/news_entity.dart
DA:8,5
LF:1
LH:1
end_of_record
SF:lib/ui/screens/news_detail_screen.dart
DA:5,1
DA:9,1
DA:11,1
DA:12,1
DA:13,3
DA:15,1
DA:17,1
DA:19,1
DA:20,3
DA:21,0
DA:24,1
DA:25,2
DA:30,3
LF:13
LH:12
end_of_record
SF:lib/ui/screens/news_search_screen.dart
DA:9,2
DA:11,2
DA:13,2
DA:14,2
DA:16,1
DA:17,1
DA:23,2
DA:25,2
DA:27,1
DA:28,1
DA:33,2
DA:35,2
DA:36,4
DA:37,10
DA:38,0
DA:39,2
DA:41,2
DA:42,2
DA:43,2
DA:44,2
DA:45,2
DA:46,4
DA:47,4
DA:48,4
DA:49,0
DA:51,0
DA:52,0
DA:53,0
DA:55,0
DA:56,0
DA:65,2
DA:67,2
DA:68,4
DA:69,10
DA:70,0
DA:71,2
DA:73,2
DA:74,2
DA:75,2
DA:76,2
DA:77,2
DA:78,4
DA:79,4
DA:80,4
DA:81,0
DA:83,2
DA:84,4
DA:85,2
LF:48
LH:39
end_of_record
SF:lib/infrastructure/models/news_model.dart
DA:8,5
DA:16,2
DA:17,2
DA:18,2
DA:19,2
DA:20,2
DA:21,2
DA:22,4
DA:26,1
DA:27,1
DA:28,1
DA:29,1
DA:30,1
DA:31,1
LF:14
LH:14
end_of_record
SF:lib/infrastructure/service/news_api_service.dart
DA:12,1
DA:14,1
DA:15,2
DA:16,1
DA:18,2
DA:20,2
DA:21,2
DA:22,1
DA:23,4
DA:26,0
LF:10
LH:9
end_of_record
SF:lib/domain/usecases/get_news_usecase.dart
DA:8,3
DA:10,3
DA:11,6
DA:13,9
DA:14,3
DA:15,3
DA:16,3
DA:17,3
DA:18,3
DA:20,3
LF:10
LH:10
end_of_record
SF:lib/ui/screens/splash_screen.dart
DA:5,1
DA:7,1
DA:8,1
DA:12,1
DA:14,1
DA:15,1
DA:18,1
DA:19,1
DA:21,2
DA:22,1
DA:23,2
DA:28,1
LF:12
LH:12
end_of_record
SF:lib/infrastructure/extensions/http_overrides_extension.dart
DA:4,1
DA:6,1
DA:7,1
DA:8,0
LF:4
LH:3
end_of_record
SF:lib/ui/screens/news_list_screen.dart
DA:11,8
DA:13,2
DA:14,2
DA:22,2
DA:24,2
DA:25,2
DA:27,2
DA:28,2
DA:30,1
DA:31,1
DA:32,2
DA:37,2
DA:38,4
DA:39,2
DA:40,4
DA:42,2
DA:44,6
DA:47,4
DA:48,4
DA:49,2
DA:50,4
DA:51,2
DA:52,4
DA:53,2
DA:54,2
DA:55,2
DA:56,2
DA:57,0
DA:67,0
DA:68,0
DA:70,0
LF:31
LH:27
end_of_record
SF:lib/ui/widgets/news_card_widget.dart
DA:9,3
DA:17,3
DA:19,3
DA:20,3
DA:21,3
DA:22,3
DA:23,3
DA:26,3
DA:27,3
DA:29,6
DA:30,1
DA:32,1
DA:35,1
DA:36,2
DA:43,3
DA:45,3
DA:47,3
DA:49,3
DA:50,3
DA:56,3
DA:57,3
LF:21
LH:21
end_of_record
